<?xml version="1.0" encoding="UTF-8"?>
<!-- Generated by org.testng.reporters.JUnitReportReporter -->
<testsuite hostname="RATAN" failures="0" tests="1" name="createUserAccount.CreateUser" time="5.253" errors="0" timestamp="2022-03-23T19:26:13 EDT" skipped="0">
  <testcase classname="createUserAccount.CreateUser" name="UserAccount" time="5.253"/>
  <system-out/>
</testsuite> <!-- createUserAccount.CreateUser -->
