<?xml version="1.0" encoding="UTF-8"?>
<!-- Generated by org.testng.reporters.JUnitReportReporter -->
<testsuite hostname="RATAN" failures="0" tests="1" name="createUserAccount.CreateUser" time="3.051" errors="0" timestamp="2022-03-23T19:33:14 EDT" skipped="0">
  <testcase classname="createUserAccount.CreateUser" name="UserAccount" time="3.051"/>
  <system-out/>
</testsuite> <!-- createUserAccount.CreateUser -->
